make all --print-data-base --no-builtin-variables --no-builtin-rules --question
# GNU Make 4.2.1
# Built for x86_64-pc-linux-gnu
# Copyright (C) 1988-2016 Free Software Foundation, Inc.
# License GPLv3+: GNU GPL version 3 or later <http://gnu.org/licenses/gpl.html>
# This is free software: you are free to change and redistribute it.
# There is NO WARRANTY, to the extent permitted by law.

# Make data base, printed on Sat Jun 11 13:43:59 2022

# Variables

# automatic
<D = $(patsubst %/,%,$(dir $<))
# automatic
?F = $(notdir $?)
# environment
DESKTOP_SESSION = ubuntu
# default
.SHELLFLAGS := -c
# environment
XDG_SESSION_CLASS = user
# environment
XDG_SESSION_TYPE = x11
# environment
VSCODE_LOG_NATIVE = false
# automatic
?D = $(patsubst %/,%,$(dir $?))
# automatic
@D = $(patsubst %/,%,$(dir $@))
# environment
XAUTHORITY = /mnt/nfs/homes/msharifi/.Xauthority
# environment
GDMSESSION = ubuntu
# environment
XMODIFIERS = @im=ibus
# makefile
CURDIR := /mnt/nfs/homes/msharifi/Documents/push_swap
# makefile
SHELL = /bin/sh
# makefile (from 'Makefile', line 17)
RM = rm -rf
# environment
VSCODE_NLS_CONFIG = {"locale":"en-us","availableLanguages":{},"_languagePackSupport":true}
# environment
_ = /usr/share/code/code
# environment
JOURNAL_STREAM = 9:685482
# environment
XDG_CONFIG_DIRS = /etc/xdg/xdg-ubuntu:/etc/xdg
# makefile (from 'Makefile', line 1)
MAKEFILE_LIST :=  Makefile
# automatic
@F = $(notdir $@)
# environment
GIO_LAUNCHED_DESKTOP_FILE = /usr/share/applications/code.desktop
# 'override' directive
GNUMAKEFLAGS := 
# environment
MANDATORY_PATH = /usr/share/gconf/ubuntu.mandatory.path
# environment
XDG_DATA_DIRS = /usr/share/gnome:/usr/share/ubuntu:/mnt/nfs/homes/msharifi/.local/share/flatpak/exports/share:/var/lib/flatpak/exports/share:/usr/local/share:/usr/share:/var/lib/snapd/desktop
# environment
DBUS_SESSION_BUS_ADDRESS = unix:path=/run/user/101728/bus
# environment
VSCODE_VERBOSE_LOGGING = true
# makefile (from 'Makefile', line 13)
OBJS = ${SRCS:.c=.o}
# environment
MANAGERPID = 154662
# environment
VSCODE_IPC_HOOK_EXTHOST = /run/user/101728/vscode-ipc-8b141fca-3519-4d30-856e-ace6f2dd9fbd.sock
# environment
VSCODE_CWD = /mnt/nfs/homes/msharifi
# environment
XDG_SESSION_PATH = /org/freedesktop/DisplayManager/Session4
# environment
KRB5CCNAME = FILE:/tmp/krb5cc_101728_lxMmNw
# default
MAKE_HOST := x86_64-pc-linux-gnu
# environment
PATH = /mnt/nfs/homes/msharifi/bin:/usr/local/sbin:/usr/local/bin:/usr/sbin:/usr/bin:/sbin:/bin:/usr/games:/usr/local/games:/snap/bin
# environment
GPG_AGENT_INFO = /run/user/101728/gnupg/S.gpg-agent:0:1
# environment
LSCOLORS = Gxfxcxdxbxegedabagacad
# environment
SESSION_MANAGER = local/e3r7p2.clusters.42paris.fr:@/tmp/.ICE-unix/155067,unix/e3r7p2.clusters.42paris.fr:/tmp/.ICE-unix/155067
# environment
XDG_RUNTIME_DIR = /run/user/101728
# environment
XDG_MENU_PREFIX = gnome-
# environment
VSCODE_LOG_STACK = false
# environment
ELECTRON_RUN_AS_NODE = 1
# environment
INVOCATION_ID = 44a7d41079054a4fa17ba4bceb333521
# default
.FEATURES := target-specific order-only second-expansion else-if shortest-stem undefine oneshell archives jobserver output-sync check-symlink load
# environment
XDG_GREETER_DATA_DIR = /var/lib/lightdm-data/msharifi
# environment
LS_COLORS = 
# environment
XDG_SESSION_DESKTOP = ubuntu
# environment
SSH_AUTH_SOCK = /run/user/101728/keyring/ssh
# environment
GIO_LAUNCHED_DESKTOP_FILE_PID = 155504
# automatic
%F = $(notdir $%)
# environment
DISPLAY = :0
# environment
VSCODE_PIPE_LOGGING = true
# environment
PWD = /mnt/nfs/homes/msharifi/Documents/push_swap
# default
.LOADED := 
# environment
SSH_AGENT_PID = 154993
# environment
ORIGINAL_XDG_CURRENT_DESKTOP = ubuntu:GNOME
# environment
GTK_MODULES = gail:atk-bridge
# environment
VSCODE_AMD_ENTRYPOINT = vs/workbench/api/node/extensionHostProcess
# environment
HOME = /mnt/nfs/homes/msharifi
# environment
VSCODE_CODE_CACHE_PATH = /mnt/nfs/homes/msharifi/.config/Code/CachedData/c3511e6c69bb39013c4a4b7b9566ec1ca73fc4d5
# environment
LOGNAME = msharifi
# environment
APPLICATION_INSIGHTS_NO_DIAGNOSTIC_CHANNEL = 1
# environment
ZSH = /mnt/nfs/homes/msharifi/.oh-my-zsh
# environment
VSCODE_HANDLES_UNCAUGHT_ERRORS = true
# environment
GNOME_DESKTOP_SESSION_ID = this-is-deprecated
# automatic
^D = $(patsubst %/,%,$(dir $^))
# environment
MAKELEVEL := 0
# default
MAKE = $(MAKE_COMMAND)
# default
MAKECMDGOALS := all
# environment
QT_IM_MODULE = ibus
# makefile (from 'Makefile', line 3)
SRCS = lst_utils.c lst_utils2.c main.c operation_call.c operation.c parsing.c radix_sort.c sort_small.c sort_utils.c 
# environment
SHLVL = 0
# environment
IM_CONFIG_PHASE = 1
# default
MAKE_VERSION := 4.2.1
# environment
USER = msharifi
# makefile
.DEFAULT_GOAL := push_swap
# environment
XDG_CURRENT_DESKTOP = Unity
# environment
LIBVIRT_DEFAULT_URI = qemu:///system
# environment
LESS = -R
# automatic
%D = $(patsubst %/,%,$(dir $%))
# default
MAKE_COMMAND := make
# environment
OLDPWD = /mnt/nfs/homes/msharifi
# default
.VARIABLES := 
# automatic
*F = $(notdir $*)
# environment
XDG_SEAT_PATH = /org/freedesktop/DisplayManager/Seat0
# environment
VSCODE_IPC_HOOK = /run/user/101728/vscode-08453c8d-1.67.2-main.sock
# makefile
MAKEFLAGS = pqrR
# environment
MFLAGS = -pqrR
# automatic
*D = $(patsubst %/,%,$(dir $*))
# automatic
+D = $(patsubst %/,%,$(dir $+))
# environment
GDK_BACKEND = x11
# automatic
+F = $(notdir $+)
# environment
QT_ACCESSIBILITY = 1
# environment
DEFAULTS_PATH = /usr/share/gconf/ubuntu.default.path
# default
MAKEFILES := 
# automatic
<F = $(notdir $<)
# environment
PAGER = less
# environment
LC_ALL = C
# environment
GJS_DEBUG_TOPICS = JS ERROR;JS LOG
# automatic
^F = $(notdir $^)
# default
SUFFIXES := 
# makefile (from 'Makefile', line 15)
FLAGS = -Wall -Werror -Wall
# environment
CHROME_DESKTOP = code-url-handler.desktop
# default
.INCLUDE_DIRS = /usr/include /usr/local/include /usr/include
# environment
GJS_DEBUG_OUTPUT = stderr
# makefile (from 'Makefile', line 1)
NAME = push_swap
# default
.RECIPEPREFIX := 
# environment
LANG = C
# environment
DOCKER_HOST = unix:///run/user/101728/docker.sock
# environment
VSCODE_PID = 155504
# variable set hash-table stats:
# Load=110/1024=11%, Rehash=0, Collisions=15/139=11%

# Pattern-specific Variable Values

# No pattern-specific variable values.

# Directories

# . (device 61, inode 237971601): 26 files, no impossibilities.

# 26 files, no impossibilities in 1 directories.

# Implicit Rules

# No implicit rules.

# Files

# Not a target:
radix_sort.o:
#  Implicit rule search has been done.
#  Last modified 2022-06-09 16:39:27.728908871
#  File has been updated.
#  Successfully updated.

all: push_swap
#  Phony target (prerequisite of .PHONY).
#  Command line target.
#  Implicit rule search has not been done.
#  File does not exist.
#  File has been updated.
#  Successfully updated.

.PHONY: clean fclean re all
#  Implicit rule search has not been done.
#  Modification time never checked.
#  File has not been updated.

# Not a target:
sort_small.o:
#  Implicit rule search has been done.
#  Last modified 2022-06-09 18:27:25.942615438
#  File has been updated.
#  Successfully updated.

# Not a target:
Makefile:
#  Implicit rule search has been done.
#  Last modified 2022-06-09 16:40:31.268895516
#  File has been updated.
#  Successfully updated.

# Not a target:
lst_utils.o:
#  Implicit rule search has been done.
#  Last modified 2022-06-09 17:51:21.171459029
#  File has been updated.
#  Successfully updated.

.c.o:
#  Implicit rule search has not been done.
#  Modification time never checked.
#  File has not been updated.
#  recipe to execute (from 'Makefile', line 25):
	gcc $(FLAGS) -c $< -o $(<:.c=.o)

fclean: clean
#  Phony target (prerequisite of .PHONY).
#  Implicit rule search has not been done.
#  File does not exist.
 
#  File has not been updated.
#  recipe to execute (from 'Makefile', line 31):
	${RM} push_swap

# Not a target:
.DEFAULT:
#  Implicit rule search has not been done.
#  Modification time never checked.
#  File has not been updated.

re: fclean all
#  Phony target (prerequisite of .PHONY).
#  Implicit rule search has not been done.
#  File does not exist.
#  File has not been updated.

clean:
#  Phony target (prerequisite of .PHONY).
#  Implicit rule search has not been done.
#  File does not exist.
#  File has not been updated.
#  recipe to execute (from 'Makefile', line 28):
	${RM} ${OBJS}

push_swap: lst_utils.o lst_utils2.o main.o operation_call.o operation.o parsing.o radix_sort.o sort_small.o sort_utils.o
#  Implicit rule search has not been done.
#  Last modified 2022-06-09 18:27:26.338615281
#  File has been updated.
#  Successfully updated.
#  recipe to execute (from 'Makefile', line 20):
	gcc -g3 ${SRCS} -o $@

# Not a target:
operation_call.o:
#  Implicit rule search has been done.
#  Last modified 2022-06-09 16:39:27.616908893
#  File has been updated.
#  Successfully updated.

# Not a target:
main.o:
#  Implicit rule search has been done.
#  Last modified 2022-06-09 18:18:35.594839212
#  File has been updated.
#  Successfully updated.

# Not a target:
lst_utils2.o:
#  Implicit rule search has been done.
#  Last modified 2022-06-09 17:53:34.039410855
#  File has been updated.
#  Successfully updated.

# Not a target:
parsing.o:
#  Implicit rule search has been done.
#  Last modified 2022-06-09 17:57:22.923329138
#  File has been updated.
#  Successfully updated.

# Not a target:
operation.o:
#  Implicit rule search has been done.
#  Last modified 2022-06-09 17:57:22.879329154
#  File has been updated.
#  Successfully updated.

# Not a target:
sort_utils.o:
#  Implicit rule search has been done.
#  Last modified 2022-06-09 17:55:37.035366775
#  File has been updated.
#  Successfully updated.

# files hash-table stats:
# Load=19/1024=2%, Rehash=0, Collisions=0/47=0%
# VPATH Search Paths

# No 'vpath' search paths.

# No general ('VPATH' variable) search path.

# strcache buffers: 1 (0) / strings = 36 / storage = 358 B / avg = 9 B
# current buf: size = 8162 B / used = 358 B / count = 36 / avg = 9 B

# strcache performance: lookups = 66 / hit rate = 45%
# hash-table stats:
# Load=36/8192=0%, Rehash=0, Collisions=1/66=2%
# Finished Make data base on Sat Jun 11 13:43:59 2022

 
